<?xml version="1.0" encoding="UTF-8"?>
<!-- Generated by org.testng.reporters.JUnitXMLReporter -->
<testsuite ignored="0" hostname="DESKTOP-0GE7J37" failures="0" tests="6" name="Default test" time="116.142" errors="0" timestamp="2023-03-20T15:20:29 IST">
  <testcase classname="Tutorial11.Demo22" name="contactInformation" time="20.897"/>
  <testcase classname="Tutorial11.Demo22" name="contactInformation" time="18.723"/>
  <testcase classname="Tutorial11.Demo22" name="contactInformation" time="18.262"/>
  <testcase classname="Tutorial11.Demo22" name="contactInformation" time="18.823"/>
  <testcase classname="Tutorial11.Demo22" name="contactInformation" time="18.145"/>
  <testcase classname="Tutorial11.Demo22" name="contactInformation" time="19.477"/>
</testsuite> <!-- Default test -->
