<?xml version="1.0" encoding="UTF-8"?>
<!-- Generated by org.testng.reporters.JUnitXMLReporter -->
<testsuite ignored="0" hostname="DESKTOP-0GE7J37" failures="0" tests="15" name="Test" time="33.607" errors="0" timestamp="2023-03-20T16:28:44 IST">
  <testcase classname="com.TestLayer.LoginPageTest" name="validateLoginFuntion" time="0.982"/>
  <testcase classname="com.TestLayer.HomePageTest" name="validateHomePageTitle" time="0.019"/>
  <testcase classname="com.TestLayer.HomePageTest" name="geturl" time="0.009"/>
  <testcase classname="com.TestLayer.HomePageTest" name="logo" time="1.405"/>
  <testcase classname="com.TestLayer.HomePageTest" name="compname" time="0.927"/>
  <testcase classname="com.TestLayer.HomePageTest" name="contactpage" time="0.536"/>
  <testcase classname="com.TestLayer.ContactPageTest" name="clickOnCreate" time="0.455"/>
  <testcase classname="com.TestLayer.ContactPageTest" name="EnterContactData" time="2.217"/>
  <testcase classname="com.TestLayer.ContactPageTest" name="EnterContactData" time="1.301"/>
  <testcase classname="com.TestLayer.ContactPageTest" name="EnterContactData" time="1.092"/>
  <testcase classname="com.TestLayer.ContactPageTest" name="EnterContactData" time="1.167"/>
  <testcase classname="com.TestLayer.ContactPageTest" name="EnterContactData" time="1.137"/>
  <testcase classname="com.TestLayer.ContactPageTest" name="EnterContactData" time="1.134"/>
  <testcase classname="com.TestLayer.ContactPageTest" name="savedata" time="0.666"/>
  <testcase classname="com.TestLayer.ContactPageTest" name="savebutton" time="0.466"/>
</testsuite> <!-- Test -->
